# JRE version: OpenJDK Runtime Environment (11.0.11+9) (build 11.0.11+9-b60-7590822)
# Java VM: OpenJDK 64-Bit Server VM (11.0.11+9-b60-7590822, mixed mode, tiered, compressed oops, g1 gc, windows-amd64)
Heap:
 garbage-first heap   total 524288K, used 289187K [0x0000000080000000, 0x0000000100000000)
  region size 1024K, 213 young (218112K), 39 survivors (39936K)
 Metaspace       used 97650K, capacity 100219K, committed 100428K, reserved 1136640K
  class space    used 12473K, capacity 13352K, committed 13388K, reserved 1048576K
GC Heap History (20 events):
Event: 2.281 GC heap before
{Heap before GC invocations=4 (full 0):
 garbage-first heap   total 524288K, used 101037K [0x0000000080000000, 0x0000000100000000)
  region size 1024K, 76 young (77824K), 3 survivors (3072K)
 Metaspace       used 27297K, capacity 28175K, committed 28288K, reserved 1073152K
  class space    used 3617K, capacity 3916K, committed 3968K, reserved 1048576K
}
Event: 2.285 GC heap after
{Heap after GC invocations=5 (full 0):
 garbage-first heap   total 524288K, used 32345K [0x0000000080000000, 0x0000000100000000)
  region size 1024K, 9 young (9216K), 9 survivors (9216K)
 Metaspace       used 27297K, capacity 28175K, committed 28288K, reserved 1073152K
  class space    used 3617K, capacity 3916K, committed 3968K, reserved 1048576K
}
Event: 2.684 GC heap before
{Heap before GC invocations=5 (full 0):
 garbage-first heap   total 524288K, used 78425K [0x0000000080000000, 0x0000000100000000)
  region size 1024K, 55 young (56320K), 9 survivors (9216K)
 Metaspace       used 34773K, capacity 35748K, committed 35840K, reserved 1081344K
  class space    used 4561K, capacity 4929K, committed 4992K, reserved 1048576K
}
Event: 2.692 GC heap after
{Heap after GC invocations=6 (full 0):
 garbage-first heap   total 524288K, used 35857K [0x0000000080000000, 0x0000000100000000)
  region size 1024K, 10 young (10240K), 10 survivors (10240K)
 Metaspace       used 34773K, capacity 35748K, committed 35840K, reserved 1081344K
  class space    used 4561K, capacity 4929K, committed 4992K, reserved 1048576K
}
Event: 3.403 GC heap before
{Heap before GC invocations=7 (full 0):
 garbage-first heap   total 524288K, used 153617K [0x0000000080000000, 0x0000000100000000)
  region size 1024K, 115 young (117760K), 10 survivors (10240K)
 Metaspace       used 42257K, capacity 43420K, committed 43776K, reserved 1087488K
  class space    used 5392K, capacity 5781K, committed 5888K, reserved 1048576K
}
Event: 3.436 GC heap after
{Heap after GC invocations=8 (full 0):
 garbage-first heap   total 524288K, used 45676K [0x0000000080000000, 0x0000000100000000)
  region size 1024K, 9 young (9216K), 9 survivors (9216K)
 Metaspace       used 42257K, capacity 43420K, committed 43776K, reserved 1087488K
  class space    used 5392K, capacity 5781K, committed 5888K, reserved 1048576K
}
Event: 3.887 GC heap before
{Heap before GC invocations=9 (full 0):
 garbage-first heap   total 524288K, used 211564K [0x0000000080000000, 0x0000000100000000)
  region size 1024K, 171 young (175104K), 9 survivors (9216K)
 Metaspace       used 42292K, capacity 43420K, committed 43776K, reserved 1087488K
  class space    used 5392K, capacity 5781K, committed 5888K, reserved 1048576K
}
Event: 3.893 GC heap after
{Heap after GC invocations=10 (full 0):
 garbage-first heap   total 524288K, used 46274K [0x0000000080000000, 0x0000000100000000)
  region size 1024K, 10 young (10240K), 10 survivors (10240K)
 Metaspace       used 42292K, capacity 43420K, committed 43776K, reserved 1087488K
  class space    used 5392K, capacity 5781K, committed 5888K, reserved 1048576K
}
Event: 4.693 GC heap before
{Heap before GC invocations=10 (full 0):
 garbage-first heap   total 524288K, used 351426K [0x0000000080000000, 0x0000000100000000)
  region size 1024K, 307 young (314368K), 10 survivors (10240K)
 Metaspace       used 42307K, capacity 43420K, committed 43776K, reserved 1087488K
  class space    used 5392K, capacity 5781K, committed 5888K, reserved 1048576K
}
Event: 4.705 GC heap after
{Heap after GC invocations=11 (full 0):
 garbage-first heap   total 524288K, used 53713K [0x0000000080000000, 0x0000000100000000)
  region size 1024K, 17 young (17408K), 17 survivors (17408K)
 Metaspace       used 42307K, capacity 43420K, committed 43776K, reserved 1087488K
  class space    used 5392K, capacity 5781K, committed 5888K, reserved 1048576K
}
Event: 5.307 GC heap before
{Heap before GC invocations=11 (full 0):
 garbage-first heap   total 524288K, used 350673K [0x0000000080000000, 0x0000000100000000)
  region size 1024K, 307 young (314368K), 17 survivors (17408K)
 Metaspace       used 42314K, capacity 43420K, committed 43776K, reserved 1087488K
  class space    used 5393K, capacity 5781K, committed 5888K, reserved 1048576K
}
Event: 5.339 GC heap after
{Heap after GC invocations=12 (full 0):
 garbage-first heap   total 524288K, used 56169K [0x0000000080000000, 0x0000000100000000)
  region size 1024K, 19 young (19456K), 19 survivors (19456K)
 Metaspace       used 42314K, capacity 43420K, committed 43776K, reserved 1087488K
  class space    used 5393K, capacity 5781K, committed 5888K, reserved 1048576K
}
Event: 6.765 GC heap before
{Heap before GC invocations=12 (full 0):
 garbage-first heap   total 524288K, used 355177K [0x0000000080000000, 0x0000000100000000)
  region size 1024K, 307 young (314368K), 19 survivors (19456K)
 Metaspace       used 42491K, capacity 43714K, committed 43776K, reserved 1087488K
  class space    used 5413K, capacity 5857K, committed 5888K, reserved 1048576K
}
Event: 6.771 GC heap after
{Heap after GC invocations=13 (full 0):
 garbage-first heap   total 524288K, used 48819K [0x0000000080000000, 0x0000000100000000)
  region size 1024K, 12 young (12288K), 12 survivors (12288K)
 Metaspace       used 42491K, capacity 43714K, committed 43776K, reserved 1087488K
  class space    used 5413K, capacity 5857K, committed 5888K, reserved 1048576K
}
Event: 8.624 GC heap before
{Heap before GC invocations=13 (full 0):
 garbage-first heap   total 524288K, used 357043K [0x0000000080000000, 0x0000000100000000)
  region size 1024K, 307 young (314368K), 12 survivors (12288K)
 Metaspace       used 49135K, capacity 50651K, committed 50944K, reserved 1093632K
  class space    used 6295K, capacity 6833K, committed 6912K, reserved 1048576K
}
Event: 8.634 GC heap after
{Heap after GC invocations=14 (full 0):
 garbage-first heap   total 524288K, used 57081K [0x0000000080000000, 0x0000000100000000)
  region size 1024K, 17 young (17408K), 17 survivors (17408K)
 Metaspace       used 49135K, capacity 50651K, committed 50944K, reserved 1093632K
  class space    used 6295K, capacity 6833K, committed 6912K, reserved 1048576K
}
Event: 10.795 GC heap before
{Heap before GC invocations=14 (full 0):
 garbage-first heap   total 524288K, used 320249K [0x0000000080000000, 0x0000000100000000)
  region size 1024K, 266 young (272384K), 17 survivors (17408K)
 Metaspace       used 70866K, capacity 72898K, committed 72960K, reserved 1112064K
  class space    used 9024K, capacity 9720K, committed 9728K, reserved 1048576K
}
Event: 10.817 GC heap after
{Heap after GC invocations=15 (full 0):
 garbage-first heap   total 524288K, used 84505K [0x0000000080000000, 0x0000000100000000)
  region size 1024K, 36 young (36864K), 36 survivors (36864K)
 Metaspace       used 70866K, capacity 72898K, committed 72960K, reserved 1112064K
  class space    used 9024K, capacity 9720K, committed 9728K, reserved 1048576K
}
Event: 13.206 GC heap before
{Heap before GC invocations=16 (full 0):
 garbage-first heap   total 524288K, used 372249K [0x0000000080000000, 0x0000000100000000)
  region size 1024K, 307 young (314368K), 36 survivors (36864K)
 Metaspace       used 96226K, capacity 98676K, committed 98764K, reserved 1134592K
  class space    used 12362K, capacity 13226K, committed 13260K, reserved 1048576K
}
Event: 13.230 GC heap after
{Heap after GC invocations=17 (full 0):
 garbage-first heap   total 524288K, used 113059K [0x0000000080000000, 0x0000000100000000)
  region size 1024K, 39 young (39936K), 39 survivors (39936K)
 Metaspace       used 96226K, capacity 98676K, committed 98764K, reserved 1134592K
  class space    used 12362K, capacity 13226K, committed 13260K, reserved 1048576K
}

